{"/Users/justinneedham/WebstormProjects/web-homework/webapp/src/bundles/common/functions/toRoman/toRoman.js": {"path":"/Users/justinneedham/WebstormProjects/web-homework/webapp/src/bundles/common/functions/toRoman/toRoman.js","statementMap":{"0":{"start":{"line":1,"column":17},"end":{"line":54,"column":1}},"1":{"start":{"line":57,"column":15},"end":{"line":57,"column":17}},"2":{"start":{"line":58,"column":2},"end":{"line":63,"column":3}},"3":{"start":{"line":58,"column":15},"end":{"line":58,"column":16}},"4":{"start":{"line":59,"column":18},"end":{"line":59,"column":29}},"5":{"start":{"line":60,"column":19},"end":{"line":60,"column":51}},"6":{"start":{"line":61,"column":4},"end":{"line":61,"column":36}},"7":{"start":{"line":62,"column":4},"end":{"line":62,"column":46}},"8":{"start":{"line":64,"column":2},"end":{"line":64,"column":15}}},"fnMap":{"0":{"name":"toRoman","decl":{"start":{"line":56,"column":16},"end":{"line":56,"column":23}},"loc":{"start":{"line":56,"column":33},"end":{"line":65,"column":1}},"line":56}},"branchMap":{},"s":{"0":1,"1":3,"2":3,"3":3,"4":39,"5":39,"6":39,"7":39,"8":3},"f":{"0":3},"b":{},"_coverageSchema":"43e27e138ebf9cfc5966b082cf9a028302ed4184","hash":"525587c1c44ed52ae14ce8de048d58003d16fcd5"}
}
