{"/Users/adamsonb12/Desktop/Brett/projects/web-homework/webapp/src/components/headers/MainHeader.js": {"path":"/Users/adamsonb12/Desktop/Brett/projects/web-homework/webapp/src/components/headers/MainHeader.js","statementMap":{"0":{"start":{"line":5,"column":13},"end":{"line":11,"column":1}},"1":{"start":{"line":6,"column":20},"end":{"line":6,"column":44}},"2":{"start":{"line":8,"column":26},"end":{"line":8,"column":48}},"3":{"start":{"line":13,"column":18},"end":{"line":16,"column":1}},"4":{"start":{"line":18,"column":26},"end":{"line":24,"column":1}},"5":{"start":{"line":19,"column":2},"end":{"line":23,"column":14}},"6":{"start":{"line":26,"column":0},"end":{"line":28,"column":1}}},"fnMap":{"0":{"name":"(anonymous_0)","decl":{"start":{"line":6,"column":11},"end":{"line":6,"column":12}},"loc":{"start":{"line":6,"column":20},"end":{"line":6,"column":44}},"line":6},"1":{"name":"(anonymous_1)","decl":{"start":{"line":8,"column":17},"end":{"line":8,"column":18}},"loc":{"start":{"line":8,"column":26},"end":{"line":8,"column":48}},"line":8},"2":{"name":"(anonymous_2)","decl":{"start":{"line":18,"column":26},"end":{"line":18,"column":27}},"loc":{"start":{"line":19,"column":2},"end":{"line":23,"column":14}},"line":19}},"branchMap":{},"s":{"0":2,"1":1,"2":1,"3":2,"4":2,"5":1,"6":2},"f":{"0":1,"1":1,"2":1},"b":{},"_coverageSchema":"43e27e138ebf9cfc5966b082cf9a028302ed4184","hash":"419b94d77ed49e377aa7c7d0ba601c2962d5dd4a"}
,"/Users/adamsonb12/Desktop/Brett/projects/web-homework/webapp/src/components/headers/SecondaryHeader.js": {"path":"/Users/adamsonb12/Desktop/Brett/projects/web-homework/webapp/src/components/headers/SecondaryHeader.js","statementMap":{"0":{"start":{"line":3,"column":31},"end":{"line":9,"column":1}},"1":{"start":{"line":5,"column":20},"end":{"line":5,"column":44}},"2":{"start":{"line":6,"column":26},"end":{"line":6,"column":48}}},"fnMap":{"0":{"name":"(anonymous_0)","decl":{"start":{"line":5,"column":11},"end":{"line":5,"column":12}},"loc":{"start":{"line":5,"column":20},"end":{"line":5,"column":44}},"line":5},"1":{"name":"(anonymous_1)","decl":{"start":{"line":6,"column":17},"end":{"line":6,"column":18}},"loc":{"start":{"line":6,"column":26},"end":{"line":6,"column":48}},"line":6}},"branchMap":{},"s":{"0":2,"1":1,"2":1},"f":{"0":1,"1":1},"b":{},"_coverageSchema":"43e27e138ebf9cfc5966b082cf9a028302ed4184","hash":"3e16c92613c5f6d9c48d5ad919167c5f53a779bd"}
,"/Users/adamsonb12/Desktop/Brett/projects/web-homework/webapp/src/components/headers/index.js": {"path":"/Users/adamsonb12/Desktop/Brett/projects/web-homework/webapp/src/components/headers/index.js","statementMap":{},"fnMap":{},"branchMap":{},"s":{},"f":{},"b":{},"_coverageSchema":"43e27e138ebf9cfc5966b082cf9a028302ed4184","hash":"ef37db6e70f91be7fd890a64ce8085c95860d879"}
,"/Users/adamsonb12/Desktop/Brett/projects/web-homework/webapp/src/components/loading/Loading.js": {"path":"/Users/adamsonb12/Desktop/Brett/projects/web-homework/webapp/src/components/loading/Loading.js","statementMap":{"0":{"start":{"line":4,"column":23},"end":{"line":8,"column":1}},"1":{"start":{"line":5,"column":20},"end":{"line":5,"column":46}}},"fnMap":{"0":{"name":"(anonymous_0)","decl":{"start":{"line":5,"column":11},"end":{"line":5,"column":12}},"loc":{"start":{"line":5,"column":20},"end":{"line":5,"column":46}},"line":5}},"branchMap":{},"s":{"0":1,"1":1},"f":{"0":1},"b":{},"_coverageSchema":"43e27e138ebf9cfc5966b082cf9a028302ed4184","hash":"625f8200cffbef6a90997a3c92216a3f8fd09d2a"}
,"/Users/adamsonb12/Desktop/Brett/projects/web-homework/webapp/src/components/loading/index.js": {"path":"/Users/adamsonb12/Desktop/Brett/projects/web-homework/webapp/src/components/loading/index.js","statementMap":{},"fnMap":{},"branchMap":{},"s":{},"f":{},"b":{},"_coverageSchema":"43e27e138ebf9cfc5966b082cf9a028302ed4184","hash":"4e7417012f66322a55b934e026ceaf86e879b5da"}
,"/Users/adamsonb12/Desktop/Brett/projects/web-homework/webapp/src/styles/theme.js": {"path":"/Users/adamsonb12/Desktop/Brett/projects/web-homework/webapp/src/styles/theme.js","statementMap":{"0":{"start":{"line":1,"column":21},"end":{"line":19,"column":1}}},"fnMap":{},"branchMap":{},"s":{"0":3},"f":{},"b":{},"_coverageSchema":"43e27e138ebf9cfc5966b082cf9a028302ed4184","hash":"28e442ae83cf0eff365bc7c141c68e894155de93"}
,"/Users/adamsonb12/Desktop/Brett/projects/web-homework/webapp/src/utils/transaction-utils.js": {"path":"/Users/adamsonb12/Desktop/Brett/projects/web-homework/webapp/src/utils/transaction-utils.js","statementMap":{"0":{"start":{"line":4,"column":39},"end":{"line":14,"column":1}},"1":{"start":{"line":5,"column":2},"end":{"line":13,"column":4}},"2":{"start":{"line":6,"column":4},"end":{"line":12,"column":5}},"3":{"start":{"line":16,"column":30},"end":{"line":29,"column":1}},"4":{"start":{"line":17,"column":2},"end":{"line":19,"column":3}},"5":{"start":{"line":18,"column":4},"end":{"line":18,"column":14}},"6":{"start":{"line":21,"column":23},"end":{"line":21,"column":42}},"7":{"start":{"line":22,"column":17},"end":{"line":22,"column":52}},"8":{"start":{"line":23,"column":23},"end":{"line":23,"column":54}},"9":{"start":{"line":25,"column":20},"end":{"line":25,"column":96}},"10":{"start":{"line":26,"column":26},"end":{"line":26,"column":60}},"11":{"start":{"line":28,"column":2},"end":{"line":28,"column":62}},"12":{"start":{"line":31,"column":24},"end":{"line":36,"column":1}},"13":{"start":{"line":32,"column":2},"end":{"line":35,"column":7}},"14":{"start":{"line":33,"column":21},"end":{"line":33,"column":40}},"15":{"start":{"line":34,"column":4},"end":{"line":34,"column":19}},"16":{"start":{"line":38,"column":29},"end":{"line":82,"column":1}}},"fnMap":{"0":{"name":"(anonymous_0)","decl":{"start":{"line":4,"column":39},"end":{"line":4,"column":40}},"loc":{"start":{"line":4,"column":55},"end":{"line":14,"column":1}},"line":4},"1":{"name":"(anonymous_1)","decl":{"start":{"line":5,"column":26},"end":{"line":5,"column":27}},"loc":{"start":{"line":5,"column":41},"end":{"line":13,"column":3}},"line":5},"2":{"name":"(anonymous_2)","decl":{"start":{"line":16,"column":30},"end":{"line":16,"column":31}},"loc":{"start":{"line":16,"column":40},"end":{"line":29,"column":1}},"line":16},"3":{"name":"(anonymous_3)","decl":{"start":{"line":31,"column":24},"end":{"line":31,"column":25}},"loc":{"start":{"line":31,"column":32},"end":{"line":36,"column":1}},"line":31},"4":{"name":"(anonymous_4)","decl":{"start":{"line":32,"column":21},"end":{"line":32,"column":22}},"loc":{"start":{"line":32,"column":37},"end":{"line":35,"column":3}},"line":32}},"branchMap":{"0":{"loc":{"start":{"line":11,"column":19},"end":{"line":11,"column":79}},"type":"cond-expr","locations":[{"start":{"line":11,"column":39},"end":{"line":11,"column":57}},{"start":{"line":11,"column":60},"end":{"line":11,"column":79}}],"line":11},"1":{"loc":{"start":{"line":17,"column":2},"end":{"line":19,"column":3}},"type":"if","locations":[{"start":{"line":17,"column":2},"end":{"line":19,"column":3}},{"start":{"line":17,"column":2},"end":{"line":19,"column":3}}],"line":17},"2":{"loc":{"start":{"line":17,"column":6},"end":{"line":17,"column":44}},"type":"binary-expr","locations":[{"start":{"line":17,"column":6},"end":{"line":17,"column":26}},{"start":{"line":17,"column":30},"end":{"line":17,"column":44}}],"line":17},"3":{"loc":{"start":{"line":23,"column":23},"end":{"line":23,"column":54}},"type":"cond-expr","locations":[{"start":{"line":23,"column":41},"end":{"line":23,"column":46}},{"start":{"line":23,"column":49},"end":{"line":23,"column":54}}],"line":23},"4":{"loc":{"start":{"line":28,"column":9},"end":{"line":28,"column":62}},"type":"cond-expr","locations":[{"start":{"line":28,"column":22},"end":{"line":28,"column":44}},{"start":{"line":28,"column":47},"end":{"line":28,"column":62}}],"line":28}},"s":{"0":1,"1":0,"2":0,"3":1,"4":0,"5":0,"6":0,"7":0,"8":0,"9":0,"10":0,"11":0,"12":1,"13":1,"14":3,"15":3,"16":1},"f":{"0":0,"1":0,"2":0,"3":1,"4":3},"b":{"0":[0,0],"1":[0,0],"2":[0,0],"3":[0,0],"4":[0,0]},"_coverageSchema":"43e27e138ebf9cfc5966b082cf9a028302ed4184","hash":"9f5775321c21e64a66859f8170ccafe546b47104"}
,"/Users/adamsonb12/Desktop/Brett/projects/web-homework/webapp/src/utils/translate.js": {"path":"/Users/adamsonb12/Desktop/Brett/projects/web-homework/webapp/src/utils/translate.js","statementMap":{"0":{"start":{"line":3,"column":25},"end":{"line":9,"column":1}},"1":{"start":{"line":5,"column":23},"end":{"line":5,"column":42}},"2":{"start":{"line":6,"column":17},"end":{"line":6,"column":60}},"3":{"start":{"line":7,"column":18},"end":{"line":7,"column":52}},"4":{"start":{"line":8,"column":2},"end":{"line":8,"column":32}}},"fnMap":{"0":{"name":"(anonymous_0)","decl":{"start":{"line":3,"column":25},"end":{"line":3,"column":26}},"loc":{"start":{"line":3,"column":35},"end":{"line":9,"column":1}},"line":3}},"branchMap":{"0":{"loc":{"start":{"line":6,"column":17},"end":{"line":6,"column":60}},"type":"binary-expr","locations":[{"start":{"line":6,"column":17},"end":{"line":6,"column":52}},{"start":{"line":6,"column":56},"end":{"line":6,"column":60}}],"line":6},"1":{"loc":{"start":{"line":8,"column":9},"end":{"line":8,"column":32}},"type":"binary-expr","locations":[{"start":{"line":8,"column":9},"end":{"line":8,"column":16}},{"start":{"line":8,"column":20},"end":{"line":8,"column":26}},{"start":{"line":8,"column":30},"end":{"line":8,"column":32}}],"line":8}},"s":{"0":1,"1":0,"2":0,"3":0,"4":0},"f":{"0":0},"b":{"0":[0,0],"1":[0,0,0]},"_coverageSchema":"43e27e138ebf9cfc5966b082cf9a028302ed4184","hash":"2dca9b4aea65bce3e1f8b84e6a75266ad4a86626"}
,"/Users/adamsonb12/Desktop/Brett/projects/web-homework/webapp/src/utils/translation-content.js": {"path":"/Users/adamsonb12/Desktop/Brett/projects/web-homework/webapp/src/utils/translation-content.js","statementMap":{"0":{"start":{"line":1,"column":32},"end":{"line":130,"column":1}}},"fnMap":{},"branchMap":{},"s":{"0":1},"f":{},"b":{},"_coverageSchema":"43e27e138ebf9cfc5966b082cf9a028302ed4184","hash":"2605ca74ce774e15e8545054f8c7e75bdfd9e9ba"}
,"/Users/adamsonb12/Desktop/Brett/projects/web-homework/webapp/src/utils/user-utils.js": {"path":"/Users/adamsonb12/Desktop/Brett/projects/web-homework/webapp/src/utils/user-utils.js","statementMap":{"0":{"start":{"line":1,"column":26},"end":{"line":3,"column":1}},"1":{"start":{"line":2,"column":2},"end":{"line":2,"column":46}},"2":{"start":{"line":5,"column":22},"end":{"line":14,"column":1}},"3":{"start":{"line":6,"column":20},"end":{"line":6,"column":33}},"4":{"start":{"line":7,"column":16},"end":{"line":7,"column":26}},"5":{"start":{"line":8,"column":12},"end":{"line":8,"column":57}},"6":{"start":{"line":9,"column":20},"end":{"line":9,"column":59}},"7":{"start":{"line":10,"column":2},"end":{"line":12,"column":3}},"8":{"start":{"line":11,"column":4},"end":{"line":11,"column":9}},"9":{"start":{"line":13,"column":2},"end":{"line":13,"column":12}},"10":{"start":{"line":16,"column":32},"end":{"line":25,"column":1}},"11":{"start":{"line":17,"column":2},"end":{"line":24,"column":4}},"12":{"start":{"line":18,"column":4},"end":{"line":23,"column":5}},"13":{"start":{"line":27,"column":29},"end":{"line":45,"column":1}}},"fnMap":{"0":{"name":"(anonymous_0)","decl":{"start":{"line":1,"column":26},"end":{"line":1,"column":27}},"loc":{"start":{"line":1,"column":34},"end":{"line":3,"column":1}},"line":1},"1":{"name":"(anonymous_1)","decl":{"start":{"line":5,"column":22},"end":{"line":5,"column":23}},"loc":{"start":{"line":5,"column":29},"end":{"line":14,"column":1}},"line":5},"2":{"name":"(anonymous_2)","decl":{"start":{"line":16,"column":32},"end":{"line":16,"column":33}},"loc":{"start":{"line":16,"column":41},"end":{"line":25,"column":1}},"line":16},"3":{"name":"(anonymous_3)","decl":{"start":{"line":17,"column":19},"end":{"line":17,"column":20}},"loc":{"start":{"line":17,"column":27},"end":{"line":24,"column":3}},"line":17}},"branchMap":{"0":{"loc":{"start":{"line":10,"column":2},"end":{"line":12,"column":3}},"type":"if","locations":[{"start":{"line":10,"column":2},"end":{"line":12,"column":3}},{"start":{"line":10,"column":2},"end":{"line":12,"column":3}}],"line":10},"1":{"loc":{"start":{"line":10,"column":6},"end":{"line":10,"column":81}},"type":"binary-expr","locations":[{"start":{"line":10,"column":6},"end":{"line":10,"column":19}},{"start":{"line":10,"column":24},"end":{"line":10,"column":39}},{"start":{"line":10,"column":43},"end":{"line":10,"column":80}}],"line":10},"2":{"loc":{"start":{"line":22,"column":25},"end":{"line":22,"column":55}},"type":"binary-expr","locations":[{"start":{"line":22,"column":25},"end":{"line":22,"column":50}},{"start":{"line":22,"column":54},"end":{"line":22,"column":55}}],"line":22}},"s":{"0":2,"1":1,"2":2,"3":1,"4":1,"5":1,"6":1,"7":1,"8":1,"9":1,"10":2,"11":0,"12":0,"13":2},"f":{"0":1,"1":1,"2":0,"3":0},"b":{"0":[1,0],"1":[1,0,0],"2":[0,0]},"_coverageSchema":"43e27e138ebf9cfc5966b082cf9a028302ed4184","hash":"0abdb967b45ccf389f0a09419cd6086239704b99"}
}
