TN:
SF:/Users/adamsonb12/Desktop/Brett/projects/web-homework/webapp/src/components/headers/MainHeader.js
FN:6,(anonymous_0)
FN:8,(anonymous_1)
FN:18,(anonymous_2)
FNF:3
FNH:3
FNDA:1,(anonymous_0)
FNDA:1,(anonymous_1)
FNDA:1,(anonymous_2)
DA:5,2
DA:6,1
DA:8,1
DA:13,2
DA:18,2
DA:19,1
DA:26,2
LF:7
LH:7
BRF:0
BRH:0
end_of_record
TN:
SF:/Users/adamsonb12/Desktop/Brett/projects/web-homework/webapp/src/components/headers/SecondaryHeader.js
FN:5,(anonymous_0)
FN:6,(anonymous_1)
FNF:2
FNH:2
FNDA:1,(anonymous_0)
FNDA:1,(anonymous_1)
DA:3,2
DA:5,1
DA:6,1
LF:3
LH:3
BRF:0
BRH:0
end_of_record
TN:
SF:/Users/adamsonb12/Desktop/Brett/projects/web-homework/webapp/src/components/headers/index.js
FNF:0
FNH:0
LF:0
LH:0
BRF:0
BRH:0
end_of_record
TN:
SF:/Users/adamsonb12/Desktop/Brett/projects/web-homework/webapp/src/components/loading/Loading.js
FN:5,(anonymous_0)
FNF:1
FNH:1
FNDA:1,(anonymous_0)
DA:4,1
DA:5,1
LF:2
LH:2
BRF:0
BRH:0
end_of_record
TN:
SF:/Users/adamsonb12/Desktop/Brett/projects/web-homework/webapp/src/components/loading/index.js
FNF:0
FNH:0
LF:0
LH:0
BRF:0
BRH:0
end_of_record
TN:
SF:/Users/adamsonb12/Desktop/Brett/projects/web-homework/webapp/src/styles/theme.js
FNF:0
FNH:0
DA:1,3
LF:1
LH:1
BRF:0
BRH:0
end_of_record
TN:
SF:/Users/adamsonb12/Desktop/Brett/projects/web-homework/webapp/src/utils/transaction-utils.js
FN:4,(anonymous_0)
FN:5,(anonymous_1)
FN:16,(anonymous_2)
FN:31,(anonymous_3)
FN:32,(anonymous_4)
FNF:5
FNH:2
FNDA:0,(anonymous_0)
FNDA:0,(anonymous_1)
FNDA:0,(anonymous_2)
FNDA:1,(anonymous_3)
FNDA:3,(anonymous_4)
DA:4,1
DA:5,0
DA:6,0
DA:16,1
DA:17,0
DA:18,0
DA:21,0
DA:22,0
DA:23,0
DA:25,0
DA:26,0
DA:28,0
DA:31,1
DA:32,1
DA:33,3
DA:34,3
DA:38,1
LF:17
LH:7
BRDA:11,0,0,0
BRDA:11,0,1,0
BRDA:17,1,0,0
BRDA:17,1,1,0
BRDA:17,2,0,0
BRDA:17,2,1,0
BRDA:23,3,0,0
BRDA:23,3,1,0
BRDA:28,4,0,0
BRDA:28,4,1,0
BRF:10
BRH:0
end_of_record
TN:
SF:/Users/adamsonb12/Desktop/Brett/projects/web-homework/webapp/src/utils/translate.js
FN:3,(anonymous_0)
FNF:1
FNH:0
FNDA:0,(anonymous_0)
DA:3,1
DA:5,0
DA:6,0
DA:7,0
DA:8,0
LF:5
LH:1
BRDA:6,0,0,0
BRDA:6,0,1,0
BRDA:8,1,0,0
BRDA:8,1,1,0
BRDA:8,1,2,0
BRF:5
BRH:0
end_of_record
TN:
SF:/Users/adamsonb12/Desktop/Brett/projects/web-homework/webapp/src/utils/translation-content.js
FNF:0
FNH:0
DA:1,1
LF:1
LH:1
BRF:0
BRH:0
end_of_record
TN:
SF:/Users/adamsonb12/Desktop/Brett/projects/web-homework/webapp/src/utils/user-utils.js
FN:1,(anonymous_0)
FN:5,(anonymous_1)
FN:16,(anonymous_2)
FN:17,(anonymous_3)
FNF:4
FNH:2
FNDA:1,(anonymous_0)
FNDA:1,(anonymous_1)
FNDA:0,(anonymous_2)
FNDA:0,(anonymous_3)
DA:1,2
DA:2,1
DA:5,2
DA:6,1
DA:7,1
DA:8,1
DA:9,1
DA:10,1
DA:11,1
DA:13,1
DA:16,2
DA:17,0
DA:18,0
DA:27,2
LF:14
LH:12
BRDA:10,0,0,1
BRDA:10,0,1,0
BRDA:10,1,0,1
BRDA:10,1,1,0
BRDA:10,1,2,0
BRDA:22,2,0,0
BRDA:22,2,1,0
BRF:7
BRH:2
end_of_record
